# CHANGES log

Most recent updates are listed first.

## 2026-04-28

### Commit prepared
- Message: `docs: rename session archive to CHANGES.log and prepend latest updates`
- Renamed `docs/session-archive-2026-03-06.md` to `docs/CHANGES.log`.
- Prepended latest 2026-04-28 work summary at the top while preserving older archive notes below.

### Commit pushed
- Branch `master`, commit `7b145e1`: regex skill search, skill-info modal associated biz links, CURRENT_DATE/end-date rendering fixes.

### Skills search
- Added regex-capable filtering for skill lists in both the Resume Details Skills tab and Job Skill Editor.
- Added shared utility `modules/utils/skillSearch.mjs` and tests in `modules/utils/skillSearch.test.mjs`.

### Skill `?` popup improvements
- Extended skill info modal to include associated biz-card links (employer + job number).
- Clicking an associated link now selects the matching biz card via SelectionManager.

### Date handling fixes
- Updated Spexture end date to `CURRENT_DATE` in parsed resume data.
- Fixed timezone/month parsing so `YYYY-MM` values no longer shift backward (e.g., Apr -> Mar in UTC- offsets).
- Unified `.biz-details-dates` displays to use month/year semantics and current-month rendering for ongoing jobs.

---

# Chat session archive — 2026-03-06

Summary of work from this session for future reference.

## Palette & contrast
- **LAB light threshold** set to 37 so `#61478e` is treated as dark (white text/icons).
- **getHighContrastForBackground(hex, options)** added in palette-utils: returns `{ textColor, iconSet }` in one call so text and icons always match.
- **useColorPalette** updated to use single `getHighContrastForBackground` for normal/hovered/selected (no separate getHighContrastMono + getIconSetForBackgroundColor).
- Jitter constant removed; trial-and-rejection placement only.

## Skill card placement (3D scene)
- **Trial-and-rejection** placement: one random trial per card; reject if 2D distance to any placed center &lt; `SKILL_REPOSITION_MIN_DISTANCE`; max rejections then fallback.
- **Y**: random uniform over biz-card vertical span.
- **X**: random normal around biz left/right edges, **stddev 100px** (`SKILL_PLACEMENT_X_STDDEV`).
- Fallback layout uses same random distribution (no grid); ensures no (0,0) stacking.
- Constants: `MAX_SKILL_PLACEMENT_TRIAL_REJECTIONS = 5000`, `SKILL_PLACEMENT_X_STDDEV = 100`.

## Resume list & controls
- List keeps **selection order** (interleaved biz + skill items).
- **First / Prev / Next / Last** control **position** in list; selection syncs to scene and both scroll into view.
- **Prev scroll fix**: correction applied so selected item’s **top edge** is visible (delta applied both directions, then clamp).
- Simple scroll (no infinite scroll): `block: 'start'` for setItems, scrollToIndex, scrollToBizResumeDiv.

## Cursor crashes (code 5)
- Diagnosed “window terminated unexpectedly (reason: 'crashed', code: '5')”: renderer crash, common on macOS.
- Suggested: clear cache, run with `--disable-extensions`, trim chat history, reset app data if needed.

## Commit pushed
- Branch `version-2.1`, commit `0cdf55c`: skill cards, contrast, resume list, scroll fixes (35 files).

---
*To start a new chat in Cursor: use the New Chat button or shortcut in the chat panel.*
